TN:
SF:src/index.ts
FN:39,(anonymous_0)
FN:48,(anonymous_1)
FN:52,(anonymous_2)
FN:56,(anonymous_3)
FN:84,(anonymous_4)
FN:96,(anonymous_5)
FN:106,(anonymous_6)
FN:119,(anonymous_7)
FN:128,(anonymous_8)
FNF:9
FNH:7
FNDA:2,(anonymous_0)
FNDA:2,(anonymous_1)
FNDA:0,(anonymous_2)
FNDA:4,(anonymous_3)
FNDA:2,(anonymous_4)
FNDA:0,(anonymous_5)
FNDA:1,(anonymous_6)
FNDA:1,(anonymous_7)
FNDA:1,(anonymous_8)
DA:13,1
DA:14,1
DA:17,1
DA:20,1
DA:25,1
DA:28,1
DA:36,1
DA:40,2
DA:41,1
DA:42,1
DA:43,0
DA:45,1
DA:49,2
DA:53,0
DA:57,4
DA:69,1
DA:71,1
DA:72,1
DA:75,1
DA:78,1
DA:81,1
DA:84,1
DA:85,2
DA:86,2
DA:87,2
DA:88,2
DA:89,2
DA:93,1
DA:96,1
DA:97,0
DA:98,0
DA:102,0
DA:103,0
DA:106,1
DA:107,1
DA:108,1
DA:109,1
DA:114,1
DA:115,1
DA:119,1
DA:120,1
DA:126,1
DA:128,1
DA:129,1
LF:44
LH:38
BRDA:40,0,0,1
BRDA:40,0,1,1
BRDA:40,1,0,2
BRDA:40,1,1,1
BRDA:42,2,0,0
BRDA:42,2,1,1
BRDA:53,3,0,0
BRDA:53,3,1,0
BRDA:100,4,0,0
BRDA:100,4,1,0
BRF:10
BRH:5
end_of_record
TN:
SF:src/index.types.ts
FNF:0
FNH:0
LF:0
LH:0
BRF:0
BRH:0
end_of_record
TN:
SF:src/logger/index.ts
FNF:0
FNH:0
DA:4,1
LF:1
LH:1
BRF:0
BRH:0
end_of_record
TN:
SF:src/logger/logger.config.ts
FNF:0
FNH:0
DA:3,1
DA:12,1
LF:2
LH:2
BRDA:14,0,0,0
BRDA:14,0,1,1
BRF:2
BRH:1
end_of_record
