TN:
SF:src/index.ts
FN:17,(anonymous_0)
FN:51,(anonymous_1)
FN:61,(anonymous_2)
FN:68,(anonymous_3)
FNF:4
FNH:3
FNDA:4,(anonymous_0)
FNDA:0,(anonymous_1)
FNDA:2,(anonymous_2)
FNDA:1,(anonymous_3)
DA:11,1
DA:12,1
DA:15,1
DA:18,4
DA:19,2
DA:20,2
DA:31,1
DA:32,1
DA:33,1
DA:34,1
DA:37,1
DA:45,1
DA:48,1
DA:51,1
DA:52,0
DA:53,0
DA:57,0
DA:61,1
DA:62,2
DA:68,1
DA:69,1
LF:21
LH:18
BRDA:12,0,0,1
BRDA:12,0,1,1
BRDA:18,1,0,2
BRDA:18,1,1,2
BRDA:18,2,0,4
BRDA:18,2,1,2
BRDA:19,3,0,0
BRDA:19,3,1,2
BRDA:55,4,0,0
BRDA:55,4,1,0
BRF:10
BRH:7
end_of_record
TN:
SF:src/index.types.ts
FNF:0
FNH:0
LF:0
LH:0
BRF:0
BRH:0
end_of_record
TN:
SF:src/gateway/gateway.ts
FN:10,(anonymous_0)
FN:18,(anonymous_1)
FN:19,(anonymous_2)
FN:24,(anonymous_3)
FN:25,(anonymous_4)
FN:31,(anonymous_5)
FN:34,(anonymous_6)
FN:70,(anonymous_7)
FNF:8
FNH:8
FNDA:1,(anonymous_0)
FNDA:1,(anonymous_1)
FNDA:6,(anonymous_2)
FNDA:1,(anonymous_3)
FNDA:2,(anonymous_4)
FNDA:2,(anonymous_5)
FNDA:2,(anonymous_6)
FNDA:1,(anonymous_7)
DA:11,1
DA:12,1
DA:13,1
DA:14,1
DA:15,1
DA:19,1
DA:20,6
DA:25,1
DA:27,2
DA:34,2
DA:35,2
DA:36,2
DA:46,2
DA:48,2
DA:57,0
DA:65,0
DA:71,1
LF:17
LH:15
BRDA:13,0,0,1
BRDA:13,0,1,0
BRF:2
BRH:1
end_of_record
TN:
SF:src/gateway/types.ts
FNF:0
FNH:0
LF:0
LH:0
BRF:0
BRH:0
end_of_record
TN:
SF:src/logger/index.ts
FNF:0
FNH:0
DA:4,1
LF:1
LH:1
BRF:0
BRH:0
end_of_record
TN:
SF:src/logger/logger.config.ts
FNF:0
FNH:0
DA:3,1
DA:12,1
LF:2
LH:2
BRDA:14,0,0,0
BRDA:14,0,1,1
BRF:2
BRH:1
end_of_record
TN:
SF:src/middleware/rateLimiter.ts
FN:3,(anonymous_0)
FNF:1
FNH:1
FNDA:1,(anonymous_0)
DA:3,1
DA:4,1
LF:2
LH:2
BRF:0
BRH:0
end_of_record
TN:
SF:src/middleware/security.ts
FN:15,(anonymous_0)
FNF:1
FNH:1
FNDA:2,(anonymous_0)
DA:7,1
DA:16,2
DA:17,2
DA:18,2
DA:19,2
DA:20,2
LF:6
LH:6
BRDA:10,0,0,1
BRDA:10,0,1,1
BRF:2
BRH:2
end_of_record
TN:
SF:src/routes/index.ts
FN:8,(anonymous_0)
FN:22,(anonymous_1)
FNF:2
FNH:2
FNDA:1,(anonymous_0)
FNDA:1,(anonymous_1)
DA:4,1
DA:9,1
DA:10,1
DA:23,1
LF:4
LH:4
BRF:0
BRH:0
end_of_record
